<?xml version="1.0" encoding="UTF-8"?>
<testsuite name="CalculatorTest" tests="1" skipped="0" failures="0" errors="0" timestamp="2020-05-03T23:25:47" hostname="recruit-ThinkCentre-M73" time="0.002">
  <properties/>
  <testcase name="testCalculatorAdd" classname="CalculatorTest" time="0.002"/>
  <system-out><![CDATA[]]></system-out>
  <system-err><![CDATA[]]></system-err>
</testsuite>
